main-app.js?v=1767806205027:2312 Download the React DevTools for a better development experience: https://react.dev/link/react-devtools
D:\tumioparbe-frontend\src\lib\api.ts:211  POST http://127.0.0.1:8000/api/payments/payments/execute_bkash_payment/ 500 (Internal Server Error)
dispatchXhrRequest @ xhr.js:209
xhr @ xhr.js:29
dispatchRequest @ dispatchRequest.js:61
Promise.then
_request @ Axios.js:175
request @ Axios.js:52
httpMethod @ Axios.js:238
wrap @ bind.js:9
executeBkashPayment @ D:\tumioparbe-frontend\src\lib\api.ts:211
CoursesPage.useEffect.handlePaymentCallback @ D:\tumioparbe-frontend\src\app\dashboard\courses\page.tsx:191
CoursesPage.useEffect @ D:\tumioparbe-frontend\src\app\dashboard\courses\page.tsx:246
react-stack-bottom-frame @ react-dom-client.development.js:24029
runWithFiberInDEV @ react-dom-client.development.js:1511
commitHookEffectListMount @ react-dom-client.development.js:10515
commitHookPassiveMountEffects @ react-dom-client.development.js:10636
commitPassiveMountOnFiber @ react-dom-client.development.js:12442
recursivelyTraversePassiveMountEffects @ react-dom-client.development.js:12416
commitPassiveMountOnFiber @ react-dom-client.development.js:12435
recursivelyTraversePassiveMountEffects @ react-dom-client.development.js:12416
commitPassiveMountOnFiber @ react-dom-client.development.js:12558
recursivelyTraversePassiveMountEffects @ react-dom-client.development.js:12416
commitPassiveMountOnFiber @ react-dom-client.development.js:12558
recursivelyTraversePassiveMountEffects @ react-dom-client.development.js:12416
commitPassiveMountOnFiber @ react-dom-client.development.js:12435
recursivelyTraversePassiveMountEffects @ react-dom-client.development.js:12416
commitPassiveMountOnFiber @ react-dom-client.development.js:12445
recursivelyTraversePassiveMountEffects @ react-dom-client.development.js:12416
commitPassiveMountOnFiber @ react-dom-client.development.js:12435
recursivelyTraversePassiveMountEffects @ react-dom-client.development.js:12416
commitPassiveMountOnFiber @ react-dom-client.development.js:12435
recursivelyTraversePassiveMountEffects @ react-dom-client.development.js:12416
commitPassiveMountOnFiber @ react-dom-client.development.js:12435
recursivelyTraversePassiveMountEffects @ react-dom-client.development.js:12416
commitPassiveMountOnFiber @ react-dom-client.development.js:12435
recursivelyTraversePassiveMountEffects @ react-dom-client.development.js:12416
commitPassiveMountOnFiber @ react-dom-client.development.js:12445
recursivelyTraversePassiveMountEffects @ react-dom-client.development.js:12416
commitPassiveMountOnFiber @ react-dom-client.development.js:12435
recursivelyTraversePassiveMountEffects @ react-dom-client.development.js:12416
commitPassiveMountOnFiber @ react-dom-client.development.js:12435
recursivelyTraversePassiveMountEffects @ react-dom-client.development.js:12416
commitPassiveMountOnFiber @ react-dom-client.development.js:12558
recursivelyTraversePassiveMountEffects @ react-dom-client.development.js:12416
commitPassiveMountOnFiber @ react-dom-client.development.js:12435
recursivelyTraversePassiveMountEffects @ react-dom-client.development.js:12416
commitPassiveMountOnFiber @ react-dom-client.development.js:12558
recursivelyTraversePassiveMountEffects @ react-dom-client.development.js:12416
commitPassiveMountOnFiber @ react-dom-client.development.js:12558
recursivelyTraversePassiveMountEffects @ react-dom-client.development.js:12416
commitPassiveMountOnFiber @ react-dom-client.development.js:12435
recursivelyTraversePassiveMountEffects @ react-dom-client.development.js:12416
commitPassiveMountOnFiber @ react-dom-client.development.js:12445
recursivelyTraversePassiveMountEffects @ react-dom-client.development.js:12416
commitPassiveMountOnFiber @ react-dom-client.development.js:12435
recursivelyTraversePassiveMountEffects @ react-dom-client.development.js:12416
commitPassiveMountOnFiber @ react-dom-client.development.js:12435
recursivelyTraversePassiveMountEffects @ react-dom-client.development.js:12416
commitPassiveMountOnFiber @ react-dom-client.development.js:12435
recursivelyTraversePassiveMountEffects @ react-dom-client.development.js:12416
commitPassiveMountOnFiber @ react-dom-client.development.js:12435
recursivelyTraversePassiveMountEffects @ react-dom-client.development.js:12416
commitPassiveMountOnFiber @ react-dom-client.development.js:12445
recursivelyTraversePassiveMountEffects @ react-dom-client.development.js:12416
commitPassiveMountOnFiber @ react-dom-client.development.js:12435
recursivelyTraversePassiveMountEffects @ react-dom-client.development.js:12416
commitPassiveMountOnFiber @ react-dom-client.development.js:12435
recursivelyTraversePassiveMountEffects @ react-dom-client.development.js:12416
commitPassiveMountOnFiber @ react-dom-client.development.js:12558
recursivelyTraversePassiveMountEffects @ react-dom-client.development.js:12416
commitPassiveMountOnFiber @ react-dom-client.development.js:12435
recursivelyTraversePassiveMountEffects @ react-dom-client.development.js:12416
commitPassiveMountOnFiber @ react-dom-client.development.js:12558
recursivelyTraversePassiveMountEffects @ react-dom-client.development.js:12416
commitPassiveMountOnFiber @ react-dom-client.development.js:12558
recursivelyTraversePassiveMountEffects @ react-dom-client.development.js:12416
commitPassiveMountOnFiber @ react-dom-client.development.js:12558
recursivelyTraversePassiveMountEffects @ react-dom-client.development.js:12416
commitPassiveMountOnFiber @ react-dom-client.development.js:12435
recursivelyTraversePassiveMountEffects @ react-dom-client.development.js:12416
commitPassiveMountOnFiber @ react-dom-client.development.js:12435
recursivelyTraversePassiveMountEffects @ react-dom-client.development.js:12416
commitPassiveMountOnFiber @ react-dom-client.development.js:12558
recursivelyTraversePassiveMountEffects @ react-dom-client.development.js:12416
commitPassiveMountOnFiber @ react-dom-client.development.js:12558
recursivelyTraversePassiveMountEffects @ react-dom-client.development.js:12416
commitPassiveMountOnFiber @ react-dom-client.development.js:12435
recursivelyTraversePassiveMountEffects @ react-dom-client.development.js:12416
commitPassiveMountOnFiber @ react-dom-client.development.js:12445
recursivelyTraversePassiveMountEffects @ react-dom-client.development.js:12416
commitPassiveMountOnFiber @ react-dom-client.development.js:12435
recursivelyTraversePassiveMountEffects @ react-dom-client.development.js:12416
commitPassiveMountOnFiber @ react-dom-client.development.js:12445
recursivelyTraversePassiveMountEffects @ react-dom-client.development.js:12416
commitPassiveMountOnFiber @ react-dom-client.development.js:12435
recursivelyTraversePassiveMountEffects @ react-dom-client.development.js:12416
commitPassiveMountOnFiber @ react-dom-client.development.js:12435
recursivelyTraversePassiveMountEffects @ react-dom-client.development.js:12416
commitPassiveMountOnFiber @ react-dom-client.development.js:12435
recursivelyTraversePassiveMountEffects @ react-dom-client.development.js:12416
commitPassiveMountOnFiber @ react-dom-client.development.js:12445
recursivelyTraversePassiveMountEffects @ react-dom-client.development.js:12416
commitPassiveMountOnFiber @ react-dom-client.development.js:12435
recursivelyTraversePassiveMountEffects @ react-dom-client.development.js:12416
commitPassiveMountOnFiber @ react-dom-client.development.js:12435
recursivelyTraversePassiveMountEffects @ react-dom-client.development.js:12416
commitPassiveMountOnFiber @ react-dom-client.development.js:12558
recursivelyTraversePassiveMountEffects @ react-dom-client.development.js:12416
commitPassiveMountOnFiber @ react-dom-client.development.js:12435
recursivelyTraversePassiveMountEffects @ react-dom-client.development.js:12416
commitPassiveMountOnFiber @ react-dom-client.development.js:12558
recursivelyTraversePassiveMountEffects @ react-dom-client.development.js:12416
commitPassiveMountOnFiber @ react-dom-client.development.js:12558
recursivelyTraversePassiveMountEffects @ react-dom-client.development.js:12416
commitPassiveMountOnFiber @ react-dom-client.development.js:12435
recursivelyTraversePassiveMountEffects @ react-dom-client.development.js:12416
commitPassiveMountOnFiber @ react-dom-client.development.js:12435
recursivelyTraversePassiveMountEffects @ react-dom-client.development.js:12416
commitPassiveMountOnFiber @ react-dom-client.development.js:12558
recursivelyTraversePassiveMountEffects @ react-dom-client.development.js:12416
commitPassiveMountOnFiber @ react-dom-client.development.js:12435
recursivelyTraversePassiveMountEffects @ react-dom-client.development.js:12416
commitPassiveMountOnFiber @ react-dom-client.development.js:12435
recursivelyTraversePassiveMountEffects @ react-dom-client.development.js:12416
commitPassiveMountOnFiber @ react-dom-client.development.js:12435
recursivelyTraversePassiveMountEffects @ react-dom-client.development.js:12416
commitPassiveMountOnFiber @ react-dom-client.development.js:12558
recursivelyTraversePassiveMountEffects @ react-dom-client.development.js:12416
commitPassiveMountOnFiber @ react-dom-client.development.js:12558
recursivelyTraversePassiveMountEffects @ react-dom-client.development.js:12416
commitPassiveMountOnFiber @ react-dom-client.development.js:12558
recursivelyTraversePassiveMountEffects @ react-dom-client.development.js:12416
commitPassiveMountOnFiber @ react-dom-client.development.js:12445
recursivelyTraversePassiveMountEffects @ react-dom-client.development.js:12416
commitPassiveMountOnFiber @ react-dom-client.development.js:12435
recursivelyTraversePassiveMountEffects @ react-dom-client.development.js:12416
commitPassiveMountOnFiber @ react-dom-client.development.js:12445
recursivelyTraversePassiveMountEffects @ react-dom-client.development.js:12416
commitPassiveMountOnFiber @ react-dom-client.development.js:12435
recursivelyTraversePassiveMountEffects @ react-dom-client.development.js:12416
commitPassiveMountOnFiber @ react-dom-client.development.js:12435
recursivelyTraversePassiveMountEffects @ react-dom-client.development.js:12416
commitPassiveMountOnFiber @ react-dom-client.development.js:12445
recursivelyTraversePassiveMountEffects @ react-dom-client.development.js:12416
commitPassiveMountOnFiber @ react-dom-client.development.js:12435
recursivelyTraversePassiveMountEffects @ react-dom-client.development.js:12416
commitPassiveMountOnFiber @ react-dom-client.development.js:12435
recursivelyTraversePassiveMountEffects @ react-dom-client.development.js:12416
commitPassiveMountOnFiber @ react-dom-client.development.js:12558
recursivelyTraversePassiveMountEffects @ react-dom-client.development.js:12416
commitPassiveMountOnFiber @ react-dom-client.development.js:12558
recursivelyTraversePassiveMountEffects @ react-dom-client.development.js:12416
commitPassiveMountOnFiber @ react-dom-client.development.js:12558
recursivelyTraversePassiveMountEffects @ react-dom-client.development.js:12416
commitPassiveMountOnFiber @ react-dom-client.development.js:12558
recursivelyTraversePassiveMountEffects @ react-dom-client.development.js:12416
commitPassiveMountOnFiber @ react-dom-client.development.js:12558
recursivelyTraversePassiveMountEffects @ react-dom-client.development.js:12416
commitPassiveMountOnFiber @ react-dom-client.development.js:12558
recursivelyTraversePassiveMountEffects @ react-dom-client.development.js:12416
commitPassiveMountOnFiber @ react-dom-client.development.js:12435
recursivelyTraversePassiveMountEffects @ react-dom-client.development.js:12416
commitPassiveMountOnFiber @ react-dom-client.development.js:12445
recursivelyTraversePassiveMountEffects @ react-dom-client.development.js:12416
commitPassiveMountOnFiber @ react-dom-client.development.js:12435
recursivelyTraversePassiveMountEffects @ react-dom-client.development.js:12416
commitPassiveMountOnFiber @ react-dom-client.development.js:12435
recursivelyTraversePassiveMountEffects @ react-dom-client.development.js:12416
commitPassiveMountOnFiber @ react-dom-client.development.js:12558
recursivelyTraversePassiveMountEffects @ react-dom-client.development.js:12416
commitPassiveMountOnFiber @ react-dom-client.development.js:12435
recursivelyTraversePassiveMountEffects @ react-dom-client.development.js:12416
commitPassiveMountOnFiber @ react-dom-client.development.js:12435
recursivelyTraversePassiveMountEffects @ react-dom-client.development.js:12416
commitPassiveMountOnFiber @ react-dom-client.development.js:12558
recursivelyTraversePassiveMountEffects @ react-dom-client.development.js:12416
commitPassiveMountOnFiber @ react-dom-client.development.js:12558
recursivelyTraversePassiveMountEffects @ react-dom-client.development.js:12416
commitPassiveMountOnFiber @ react-dom-client.development.js:12454
flushPassiveEffects @ react-dom-client.development.js:15793
flushPendingEffects @ react-dom-client.development.js:15758
performSyncWorkOnRoot @ react-dom-client.development.js:16284
flushSyncWorkAcrossRoots_impl @ react-dom-client.development.js:16135
flushSpawnedWork @ react-dom-client.development.js:15661
commitRoot @ react-dom-client.development.js:15387
commitRootWhenReady @ react-dom-client.development.js:14640
performWorkOnRoot @ react-dom-client.development.js:14563
performWorkOnRootViaSchedulerTask @ react-dom-client.development.js:16272
performWorkUntilDeadline @ scheduler.development.js:45
<CoursesPage>
exports.jsx @ react-jsx-runtime.development.js:320
ClientPageRoot @ client-page.js:20
react-stack-bottom-frame @ react-dom-client.development.js:23943
renderWithHooksAgain @ react-dom-client.development.js:5179
renderWithHooks @ react-dom-client.development.js:5091
updateFunctionComponent @ react-dom-client.development.js:8328
beginWork @ react-dom-client.development.js:9894
runWithFiberInDEV @ react-dom-client.development.js:1511
performUnitOfWork @ react-dom-client.development.js:15116
workLoopConcurrentByScheduler @ react-dom-client.development.js:15110
renderRootConcurrent @ react-dom-client.development.js:15085
performWorkOnRoot @ react-dom-client.development.js:14406
performWorkOnRootViaSchedulerTask @ react-dom-client.development.js:16272
performWorkUntilDeadline @ scheduler.development.js:45
"use client"
eval @ react-server-dom-webpack-client.browser.development.js:2324
initializeModelChunk @ react-server-dom-webpack-client.browser.development.js:1034
resolveModelChunk @ react-server-dom-webpack-client.browser.development.js:1011
resolveModel @ react-server-dom-webpack-client.browser.development.js:1569
processFullStringRow @ react-server-dom-webpack-client.browser.development.js:2258
processFullBinaryRow @ react-server-dom-webpack-client.browser.development.js:2203
progress @ react-server-dom-webpack-client.browser.development.js:2449
"use server"
ResponseInstance @ react-server-dom-webpack-client.browser.development.js:1557
createResponseFromOptions @ react-server-dom-webpack-client.browser.development.js:2366
exports.createFromReadableStream @ react-server-dom-webpack-client.browser.development.js:2686
eval @ app-index.js:133
(app-pages-browser)/./node_modules/next/dist/client/app-index.js @ main-app.js?v=1767806205027:160
options.factory @ webpack.js?v=1767806205027:712
__webpack_require__ @ webpack.js?v=1767806205027:37
fn @ webpack.js?v=1767806205027:369
eval @ app-next-dev.js:10
eval @ app-bootstrap.js:62
loadScriptsInSequence @ app-bootstrap.js:23
appBootstrap @ app-bootstrap.js:56
eval @ app-next-dev.js:9
(app-pages-browser)/./node_modules/next/dist/client/app-next-dev.js @ main-app.js?v=1767806205027:182
options.factory @ webpack.js?v=1767806205027:712
__webpack_require__ @ webpack.js?v=1767806205027:37
__webpack_exec__ @ main-app.js?v=1767806205027:2812
(anonymous) @ main-app.js?v=1767806205027:2813
webpackJsonpCallback @ webpack.js?v=1767806205027:1388
(anonymous) @ main-app.js?v=1767806205027:9
D:\tumioparbe-frontend\src\app\dashboard\courses\page.tsx:230 Payment execution error: AxiosError {message: 'Request failed with status code 500', name: 'AxiosError', code: 'ERR_BAD_RESPONSE', config: {…}, request: XMLHttpRequest, …}code: "ERR_BAD_RESPONSE"config: {transitional: {…}, adapter: Array(3), transformRequest: Array(1), transformResponse: Array(1), timeout: 0, …}adapter: (3) ['xhr', 'http', 'fetch']allowAbsoluteUrls: truebaseURL: "http://127.0.0.1:8000/api"data: "{\"paymentID\":\"TR00114Pb74vL1767806188741\"}"env: {FormData: ƒ, Blob: ƒ}headers: AxiosHeaders {Accept: 'application/json, text/plain, */*', Content-Type: 'application/json', Authorization: 'Bearer eyJhbGciOiJIUzI1NiIsInR5cCI6IkpXVCJ9.eyJ0b2…XIifQ.KYNVz_SYk8KR5qWP8oG2Nb1U4IcwW5AuTfcNdNYRsKM'}maxBodyLength: -1maxContentLength: -1method: "post"timeout: 0transformRequest: [ƒ]transformResponse: [ƒ]transitional: {silentJSONParsing: true, forcedJSONParsing: true, clarifyTimeoutError: false}url: "/payments/payments/execute_bkash_payment/"validateStatus: ƒ validateStatus(status)withCredentials: truexsrfCookieName: "XSRF-TOKEN"xsrfHeaderName: "X-XSRF-TOKEN"[[Prototype]]: Objectmessage: "Request failed with status code 500"name: "AxiosError"request: XMLHttpRequest {onreadystatechange: null, readyState: 4, timeout: 0, withCredentials: true, upload: XMLHttpRequestUpload, …}response: {data: {…}, status: 500, statusText: 'Internal Server Error', headers: AxiosHeaders, config: {…}, …}config: {transitional: {…}, adapter: Array(3), transformRequest: Array(1), transformResponse: Array(1), timeout: 0, …}data: message: "Payment was successful but enrollment creation failed: Enrollment creation failed: {'error': 'Payment verification failed', 'status_code': '2033', 'status_message': 'Transaction Not Found'}"status: "payment_succeeded_enrollment_failed"transaction_id: "DA780O7SE0"[[Prototype]]: Objectheaders: AxiosHeaders {content-length: '280', content-type: 'application/json'}request: XMLHttpRequest {onreadystatechange: null, readyState: 4, timeout: 0, withCredentials: true, upload: XMLHttpRequestUpload, …}status: 500statusText: "Internal Server Error"[[Prototype]]: Objectstatus: 500Symbol(next.console.error.digest): "NEXT_UNHANDLED_ERROR"Symbol(next.console.error.type): "error"stack: "AxiosError: Request failed with status code 500\n    at settle (webpack-internal:///(app-pages-browser)/./node_modules/axios/lib/core/settle.js:24:12)\n    at XMLHttpRequest.onloadend (webpack-internal:///(app-pages-browser)/./node_modules/axios/lib/adapters/xhr.js:73:66)\n    at Axios.request (webpack-internal:///(app-pages-browser)/./node_modules/axios/lib/core/Axios.js:57:41)\n    at async CoursesPage.useEffect.handlePaymentCallback (webpack-internal:///(app-pages-browser)/./src/app/dashboard/courses/page.tsx:178:46)"[[Prototype]]: Error
error @ intercept-console-error.js:50
CoursesPage.useEffect.handlePaymentCallback @ D:\tumioparbe-frontend\src\app\dashboard\courses\page.tsx:230
await in CoursesPage.useEffect.handlePaymentCallback
CoursesPage.useEffect @ D:\tumioparbe-frontend\src\app\dashboard\courses\page.tsx:246
react-stack-bottom-frame @ react-dom-client.development.js:24029
runWithFiberInDEV @ react-dom-client.development.js:1511
commitHookEffectListMount @ react-dom-client.development.js:10515
commitHookPassiveMountEffects @ react-dom-client.development.js:10636
commitPassiveMountOnFiber @ react-dom-client.development.js:12442
recursivelyTraversePassiveMountEffects @ react-dom-client.development.js:12416
commitPassiveMountOnFiber @ react-dom-client.development.js:12435
recursivelyTraversePassiveMountEffects @ react-dom-client.development.js:12416
commitPassiveMountOnFiber @ react-dom-client.development.js:12558
recursivelyTraversePassiveMountEffects @ react-dom-client.development.js:12416
commitPassiveMountOnFiber @ react-dom-client.development.js:12558
recursivelyTraversePassiveMountEffects @ react-dom-client.development.js:12416
commitPassiveMountOnFiber @ react-dom-client.development.js:12435
recursivelyTraversePassiveMountEffects @ react-dom-client.development.js:12416
commitPassiveMountOnFiber @ react-dom-client.development.js:12445
recursivelyTraversePassiveMountEffects @ react-dom-client.development.js:12416
commitPassiveMountOnFiber @ react-dom-client.development.js:12435
recursivelyTraversePassiveMountEffects @ react-dom-client.development.js:12416
commitPassiveMountOnFiber @ react-dom-client.development.js:12435
recursivelyTraversePassiveMountEffects @ react-dom-client.development.js:12416
commitPassiveMountOnFiber @ react-dom-client.development.js:12435
recursivelyTraversePassiveMountEffects @ react-dom-client.development.js:12416
commitPassiveMountOnFiber @ react-dom-client.development.js:12435
recursivelyTraversePassiveMountEffects @ react-dom-client.development.js:12416
commitPassiveMountOnFiber @ react-dom-client.development.js:12445
recursivelyTraversePassiveMountEffects @ react-dom-client.development.js:12416
commitPassiveMountOnFiber @ react-dom-client.development.js:12435
recursivelyTraversePassiveMountEffects @ react-dom-client.development.js:12416
commitPassiveMountOnFiber @ react-dom-client.development.js:12435
recursivelyTraversePassiveMountEffects @ react-dom-client.development.js:12416
commitPassiveMountOnFiber @ react-dom-client.development.js:12558
recursivelyTraversePassiveMountEffects @ react-dom-client.development.js:12416
commitPassiveMountOnFiber @ react-dom-client.development.js:12435
recursivelyTraversePassiveMountEffects @ react-dom-client.development.js:12416
commitPassiveMountOnFiber @ react-dom-client.development.js:12558
recursivelyTraversePassiveMountEffects @ react-dom-client.development.js:12416
commitPassiveMountOnFiber @ react-dom-client.development.js:12558
recursivelyTraversePassiveMountEffects @ react-dom-client.development.js:12416
commitPassiveMountOnFiber @ react-dom-client.development.js:12435
recursivelyTraversePassiveMountEffects @ react-dom-client.development.js:12416
commitPassiveMountOnFiber @ react-dom-client.development.js:12445
recursivelyTraversePassiveMountEffects @ react-dom-client.development.js:12416
commitPassiveMountOnFiber @ react-dom-client.development.js:12435
recursivelyTraversePassiveMountEffects @ react-dom-client.development.js:12416
commitPassiveMountOnFiber @ react-dom-client.development.js:12435
recursivelyTraversePassiveMountEffects @ react-dom-client.development.js:12416
commitPassiveMountOnFiber @ react-dom-client.development.js:12435
recursivelyTraversePassiveMountEffects @ react-dom-client.development.js:12416
commitPassiveMountOnFiber @ react-dom-client.development.js:12435
recursivelyTraversePassiveMountEffects @ react-dom-client.development.js:12416
commitPassiveMountOnFiber @ react-dom-client.development.js:12445
recursivelyTraversePassiveMountEffects @ react-dom-client.development.js:12416
commitPassiveMountOnFiber @ react-dom-client.development.js:12435
recursivelyTraversePassiveMountEffects @ react-dom-client.development.js:12416
commitPassiveMountOnFiber @ react-dom-client.development.js:12435
recursivelyTraversePassiveMountEffects @ react-dom-client.development.js:12416
commitPassiveMountOnFiber @ react-dom-client.development.js:12558
recursivelyTraversePassiveMountEffects @ react-dom-client.development.js:12416
commitPassiveMountOnFiber @ react-dom-client.development.js:12435
recursivelyTraversePassiveMountEffects @ react-dom-client.development.js:12416
commitPassiveMountOnFiber @ react-dom-client.development.js:12558
recursivelyTraversePassiveMountEffects @ react-dom-client.development.js:12416
commitPassiveMountOnFiber @ react-dom-client.development.js:12558
recursivelyTraversePassiveMountEffects @ react-dom-client.development.js:12416
commitPassiveMountOnFiber @ react-dom-client.development.js:12558
recursivelyTraversePassiveMountEffects @ react-dom-client.development.js:12416
commitPassiveMountOnFiber @ react-dom-client.development.js:12435
recursivelyTraversePassiveMountEffects @ react-dom-client.development.js:12416
commitPassiveMountOnFiber @ react-dom-client.development.js:12435
recursivelyTraversePassiveMountEffects @ react-dom-client.development.js:12416
commitPassiveMountOnFiber @ react-dom-client.development.js:12558
recursivelyTraversePassiveMountEffects @ react-dom-client.development.js:12416
commitPassiveMountOnFiber @ react-dom-client.development.js:12558
recursivelyTraversePassiveMountEffects @ react-dom-client.development.js:12416
commitPassiveMountOnFiber @ react-dom-client.development.js:12435
recursivelyTraversePassiveMountEffects @ react-dom-client.development.js:12416
commitPassiveMountOnFiber @ react-dom-client.development.js:12445
recursivelyTraversePassiveMountEffects @ react-dom-client.development.js:12416
commitPassiveMountOnFiber @ react-dom-client.development.js:12435
recursivelyTraversePassiveMountEffects @ react-dom-client.development.js:12416
commitPassiveMountOnFiber @ react-dom-client.development.js:12445
recursivelyTraversePassiveMountEffects @ react-dom-client.development.js:12416
commitPassiveMountOnFiber @ react-dom-client.development.js:12435
recursivelyTraversePassiveMountEffects @ react-dom-client.development.js:12416
commitPassiveMountOnFiber @ react-dom-client.development.js:12435
recursivelyTraversePassiveMountEffects @ react-dom-client.development.js:12416
commitPassiveMountOnFiber @ react-dom-client.development.js:12435
recursivelyTraversePassiveMountEffects @ react-dom-client.development.js:12416
commitPassiveMountOnFiber @ react-dom-client.development.js:12445
recursivelyTraversePassiveMountEffects @ react-dom-client.development.js:12416
commitPassiveMountOnFiber @ react-dom-client.development.js:12435
recursivelyTraversePassiveMountEffects @ react-dom-client.development.js:12416
commitPassiveMountOnFiber @ react-dom-client.development.js:12435
recursivelyTraversePassiveMountEffects @ react-dom-client.development.js:12416
commitPassiveMountOnFiber @ react-dom-client.development.js:12558
recursivelyTraversePassiveMountEffects @ react-dom-client.development.js:12416
commitPassiveMountOnFiber @ react-dom-client.development.js:12435
recursivelyTraversePassiveMountEffects @ react-dom-client.development.js:12416
commitPassiveMountOnFiber @ react-dom-client.development.js:12558
recursivelyTraversePassiveMountEffects @ react-dom-client.development.js:12416
commitPassiveMountOnFiber @ react-dom-client.development.js:12558
recursivelyTraversePassiveMountEffects @ react-dom-client.development.js:12416
commitPassiveMountOnFiber @ react-dom-client.development.js:12435
recursivelyTraversePassiveMountEffects @ react-dom-client.development.js:12416
commitPassiveMountOnFiber @ react-dom-client.development.js:12435
recursivelyTraversePassiveMountEffects @ react-dom-client.development.js:12416
commitPassiveMountOnFiber @ react-dom-client.development.js:12558
recursivelyTraversePassiveMountEffects @ react-dom-client.development.js:12416
commitPassiveMountOnFiber @ react-dom-client.development.js:12435
recursivelyTraversePassiveMountEffects @ react-dom-client.development.js:12416
commitPassiveMountOnFiber @ react-dom-client.development.js:12435
recursivelyTraversePassiveMountEffects @ react-dom-client.development.js:12416
commitPassiveMountOnFiber @ react-dom-client.development.js:12435
recursivelyTraversePassiveMountEffects @ react-dom-client.development.js:12416
commitPassiveMountOnFiber @ react-dom-client.development.js:12558
recursivelyTraversePassiveMountEffects @ react-dom-client.development.js:12416
commitPassiveMountOnFiber @ react-dom-client.development.js:12558
recursivelyTraversePassiveMountEffects @ react-dom-client.development.js:12416
commitPassiveMountOnFiber @ react-dom-client.development.js:12558
recursivelyTraversePassiveMountEffects @ react-dom-client.development.js:12416
commitPassiveMountOnFiber @ react-dom-client.development.js:12445
recursivelyTraversePassiveMountEffects @ react-dom-client.development.js:12416
commitPassiveMountOnFiber @ react-dom-client.development.js:12435
recursivelyTraversePassiveMountEffects @ react-dom-client.development.js:12416
commitPassiveMountOnFiber @ react-dom-client.development.js:12445
recursivelyTraversePassiveMountEffects @ react-dom-client.development.js:12416
commitPassiveMountOnFiber @ react-dom-client.development.js:12435
recursivelyTraversePassiveMountEffects @ react-dom-client.development.js:12416
commitPassiveMountOnFiber @ react-dom-client.development.js:12435
recursivelyTraversePassiveMountEffects @ react-dom-client.development.js:12416
commitPassiveMountOnFiber @ react-dom-client.development.js:12445
recursivelyTraversePassiveMountEffects @ react-dom-client.development.js:12416
commitPassiveMountOnFiber @ react-dom-client.development.js:12435
recursivelyTraversePassiveMountEffects @ react-dom-client.development.js:12416
commitPassiveMountOnFiber @ react-dom-client.development.js:12435
recursivelyTraversePassiveMountEffects @ react-dom-client.development.js:12416
commitPassiveMountOnFiber @ react-dom-client.development.js:12558
recursivelyTraversePassiveMountEffects @ react-dom-client.development.js:12416
commitPassiveMountOnFiber @ react-dom-client.development.js:12558
recursivelyTraversePassiveMountEffects @ react-dom-client.development.js:12416
commitPassiveMountOnFiber @ react-dom-client.development.js:12558
recursivelyTraversePassiveMountEffects @ react-dom-client.development.js:12416
commitPassiveMountOnFiber @ react-dom-client.development.js:12558
recursivelyTraversePassiveMountEffects @ react-dom-client.development.js:12416
commitPassiveMountOnFiber @ react-dom-client.development.js:12558
recursivelyTraversePassiveMountEffects @ react-dom-client.development.js:12416
commitPassiveMountOnFiber @ react-dom-client.development.js:12558
recursivelyTraversePassiveMountEffects @ react-dom-client.development.js:12416
commitPassiveMountOnFiber @ react-dom-client.development.js:12435
recursivelyTraversePassiveMountEffects @ react-dom-client.development.js:12416
commitPassiveMountOnFiber @ react-dom-client.development.js:12445
recursivelyTraversePassiveMountEffects @ react-dom-client.development.js:12416
commitPassiveMountOnFiber @ react-dom-client.development.js:12435
recursivelyTraversePassiveMountEffects @ react-dom-client.development.js:12416
commitPassiveMountOnFiber @ react-dom-client.development.js:12435
recursivelyTraversePassiveMountEffects @ react-dom-client.development.js:12416
commitPassiveMountOnFiber @ react-dom-client.development.js:12558
recursivelyTraversePassiveMountEffects @ react-dom-client.development.js:12416
commitPassiveMountOnFiber @ react-dom-client.development.js:12435
recursivelyTraversePassiveMountEffects @ react-dom-client.development.js:12416
commitPassiveMountOnFiber @ react-dom-client.development.js:12435
recursivelyTraversePassiveMountEffects @ react-dom-client.development.js:12416
commitPassiveMountOnFiber @ react-dom-client.development.js:12558
recursivelyTraversePassiveMountEffects @ react-dom-client.development.js:12416
commitPassiveMountOnFiber @ react-dom-client.development.js:12558
recursivelyTraversePassiveMountEffects @ react-dom-client.development.js:12416
commitPassiveMountOnFiber @ react-dom-client.development.js:12454
flushPassiveEffects @ react-dom-client.development.js:15793
flushPendingEffects @ react-dom-client.development.js:15758
performSyncWorkOnRoot @ react-dom-client.development.js:16284
flushSyncWorkAcrossRoots_impl @ react-dom-client.development.js:16135
flushSpawnedWork @ react-dom-client.development.js:15661
commitRoot @ react-dom-client.development.js:15387
commitRootWhenReady @ react-dom-client.development.js:14640
performWorkOnRoot @ react-dom-client.development.js:14563
performWorkOnRootViaSchedulerTask @ react-dom-client.development.js:16272
performWorkUntilDeadline @ scheduler.development.js:45
<CoursesPage>
exports.jsx @ react-jsx-runtime.development.js:320
ClientPageRoot @ client-page.js:20
react-stack-bottom-frame @ react-dom-client.development.js:23943
renderWithHooksAgain @ react-dom-client.development.js:5179
renderWithHooks @ react-dom-client.development.js:5091
updateFunctionComponent @ react-dom-client.development.js:8328
beginWork @ react-dom-client.development.js:9894
runWithFiberInDEV @ react-dom-client.development.js:1511
performUnitOfWork @ react-dom-client.development.js:15116
workLoopConcurrentByScheduler @ react-dom-client.development.js:15110
renderRootConcurrent @ react-dom-client.development.js:15085
performWorkOnRoot @ react-dom-client.development.js:14406
performWorkOnRootViaSchedulerTask @ react-dom-client.development.js:16272
performWorkUntilDeadline @ scheduler.development.js:45
"use client"
eval @ react-server-dom-webpack-client.browser.development.js:2324
initializeModelChunk @ react-server-dom-webpack-client.browser.development.js:1034
resolveModelChunk @ react-server-dom-webpack-client.browser.development.js:1011
resolveModel @ react-server-dom-webpack-client.browser.development.js:1569
processFullStringRow @ react-server-dom-webpack-client.browser.development.js:2258
processFullBinaryRow @ react-server-dom-webpack-client.browser.development.js:2203
progress @ react-server-dom-webpack-client.browser.development.js:2449
"use server"
ResponseInstance @ react-server-dom-webpack-client.browser.development.js:1557
createResponseFromOptions @ react-server-dom-webpack-client.browser.development.js:2366
exports.createFromReadableStream @ react-server-dom-webpack-client.browser.development.js:2686
eval @ app-index.js:133
(app-pages-browser)/./node_modules/next/dist/client/app-index.js @ main-app.js?v=1767806205027:160
options.factory @ webpack.js?v=1767806205027:712
__webpack_require__ @ webpack.js?v=1767806205027:37
fn @ webpack.js?v=1767806205027:369
eval @ app-next-dev.js:10
eval @ app-bootstrap.js:62
loadScriptsInSequence @ app-bootstrap.js:23
appBootstrap @ app-bootstrap.js:56
eval @ app-next-dev.js:9
(app-pages-browser)/./node_modules/next/dist/client/app-next-dev.js @ main-app.js?v=1767806205027:182
options.factory @ webpack.js?v=1767806205027:712
__webpack_require__ @ webpack.js?v=1767806205027:37
__webpack_exec__ @ main-app.js?v=1767806205027:2812
(anonymous) @ main-app.js?v=1767806205027:2813
webpackJsonpCallback @ webpack.js?v=1767806205027:1388
(anonymous) @ main-app.js?v=1767806205027:9
 [Fast Refresh] rebuilding
